<?xml version="1.0" encoding="UTF-8"?>
<testng-results skipped="0" failed="0" ignored="0" total="2" passed="2">
  <reporter-output>
  </reporter-output>
  <suite name="nopCommerce" duration-ms="40508" started-at="2020-05-12T03:49:11Z" finished-at="2020-05-12T03:49:52Z">
    <groups>
    </groups>
    <test name="TC_LoginTest_001" duration-ms="24960" started-at="2020-05-12T03:49:11Z" finished-at="2020-05-12T03:49:36Z">
      <class name="com.nopcommerce.testCases.TC_LoginTest_001">
        <test-method status="PASS" signature="setup(java.lang.String)[pri:0, instance:com.nopcommerce.testCases.TC_LoginTest_001@6dc17b83]" name="setup" is-config="true" duration-ms="11858" started-at="2020-05-12T03:49:11Z" finished-at="2020-05-12T03:49:23Z">
          <params>
            <param index="0">
              <value>
                <![CDATA[chrome]]>
              </value>
            </param>
          </params>
          <reporter-output>
          </reporter-output>
        </test-method> <!-- setup -->
        <test-method status="PASS" signature="loginTest()[pri:0, instance:com.nopcommerce.testCases.TC_LoginTest_001@6dc17b83]" name="loginTest" duration-ms="10159" started-at="2020-05-12T03:49:23Z" finished-at="2020-05-12T03:49:33Z">
          <reporter-output>
          </reporter-output>
        </test-method> <!-- loginTest -->
        <test-method status="PASS" signature="tearDown()[pri:0, instance:com.nopcommerce.testCases.TC_LoginTest_001@6dc17b83]" name="tearDown" is-config="true" duration-ms="2789" started-at="2020-05-12T03:49:33Z" finished-at="2020-05-12T03:49:36Z">
          <reporter-output>
          </reporter-output>
        </test-method> <!-- tearDown -->
      </class> <!-- com.nopcommerce.testCases.TC_LoginTest_001 -->
    </test> <!-- TC_LoginTest_001 -->
    <test name="TC_AddCustomerTest_003" duration-ms="40508" started-at="2020-05-12T03:49:11Z" finished-at="2020-05-12T03:49:52Z">
      <class name="com.nopcommerce.testCases.TC_AddCustomerTest_003">
        <test-method status="PASS" signature="setup(java.lang.String)[pri:0, instance:com.nopcommerce.testCases.TC_AddCustomerTest_003@6379eb]" name="setup" is-config="true" duration-ms="11646" started-at="2020-05-12T03:49:11Z" finished-at="2020-05-12T03:49:23Z">
          <params>
            <param index="0">
              <value>
                <![CDATA[chrome]]>
              </value>
            </param>
          </params>
          <reporter-output>
          </reporter-output>
        </test-method> <!-- setup -->
        <test-method status="PASS" signature="addNewCustomer()[pri:0, instance:com.nopcommerce.testCases.TC_AddCustomerTest_003@6379eb]" name="addNewCustomer" duration-ms="27861" started-at="2020-05-12T03:49:23Z" finished-at="2020-05-12T03:49:51Z">
          <reporter-output>
          </reporter-output>
        </test-method> <!-- addNewCustomer -->
        <test-method status="PASS" signature="tearDown()[pri:0, instance:com.nopcommerce.testCases.TC_AddCustomerTest_003@6379eb]" name="tearDown" is-config="true" duration-ms="854" started-at="2020-05-12T03:49:51Z" finished-at="2020-05-12T03:49:52Z">
          <reporter-output>
          </reporter-output>
        </test-method> <!-- tearDown -->
      </class> <!-- com.nopcommerce.testCases.TC_AddCustomerTest_003 -->
    </test> <!-- TC_AddCustomerTest_003 -->
  </suite> <!-- nopCommerce -->
</testng-results>
