<?xml version="1.0" encoding="UTF-8"?>
<testng-results skipped="0" failed="0" ignored="0" total="4" passed="4">
  <reporter-output>
  </reporter-output>
  <suite name="nopCommerce" duration-ms="87765" started-at="2020-05-12T00:30:26Z" finished-at="2020-05-12T00:31:54Z">
    <groups>
    </groups>
    <test name="TC_LoginTest_001" duration-ms="39378" started-at="2020-05-12T00:30:26Z" finished-at="2020-05-12T00:31:06Z">
      <class name="com.nopcommerce.testCases.TC_LoginTest_001">
        <test-method status="PASS" signature="setup(java.lang.String)[pri:0, instance:com.nopcommerce.testCases.TC_LoginTest_001@5c671d7f]" name="setup" is-config="true" duration-ms="14758" started-at="2020-05-12T00:30:27Z" finished-at="2020-05-12T00:30:41Z">
          <params>
            <param index="0">
              <value>
                <![CDATA[chrome]]>
              </value>
            </param>
          </params>
          <reporter-output>
          </reporter-output>
        </test-method> <!-- setup -->
        <test-method status="PASS" signature="loginTest()[pri:0, instance:com.nopcommerce.testCases.TC_LoginTest_001@5c671d7f]" name="loginTest" duration-ms="22505" started-at="2020-05-12T00:30:41Z" finished-at="2020-05-12T00:31:04Z">
          <reporter-output>
          </reporter-output>
        </test-method> <!-- loginTest -->
        <test-method status="PASS" signature="tearDown()[pri:0, instance:com.nopcommerce.testCases.TC_LoginTest_001@5c671d7f]" name="tearDown" is-config="true" duration-ms="1600" started-at="2020-05-12T00:31:04Z" finished-at="2020-05-12T00:31:06Z">
          <reporter-output>
          </reporter-output>
        </test-method> <!-- tearDown -->
      </class> <!-- com.nopcommerce.testCases.TC_LoginTest_001 -->
    </test> <!-- TC_LoginTest_001 -->
    <test name="TC_SearchCustomerByEmail_004" duration-ms="25165" started-at="2020-05-12T00:31:07Z" finished-at="2020-05-12T00:31:32Z">
      <class name="com.nopcommerce.testCases.TC_SearchCustomerByEmail_004">
        <test-method status="PASS" signature="setup(java.lang.String)[pri:0, instance:com.nopcommerce.testCases.TC_SearchCustomerByEmail_004@a1cdc6d]" name="setup" is-config="true" duration-ms="9543" started-at="2020-05-12T00:31:07Z" finished-at="2020-05-12T00:31:17Z">
          <params>
            <param index="0">
              <value>
                <![CDATA[chrome]]>
              </value>
            </param>
          </params>
          <reporter-output>
          </reporter-output>
        </test-method> <!-- setup -->
        <test-method status="PASS" signature="searchCustomerbyEmail()[pri:0, instance:com.nopcommerce.testCases.TC_SearchCustomerByEmail_004@a1cdc6d]" name="searchCustomerbyEmail" duration-ms="14444" started-at="2020-05-12T00:31:17Z" finished-at="2020-05-12T00:31:31Z">
          <reporter-output>
          </reporter-output>
        </test-method> <!-- searchCustomerbyEmail -->
        <test-method status="PASS" signature="tearDown()[pri:0, instance:com.nopcommerce.testCases.TC_SearchCustomerByEmail_004@a1cdc6d]" name="tearDown" is-config="true" duration-ms="1159" started-at="2020-05-12T00:31:31Z" finished-at="2020-05-12T00:31:32Z">
          <reporter-output>
          </reporter-output>
        </test-method> <!-- tearDown -->
      </class> <!-- com.nopcommerce.testCases.TC_SearchCustomerByEmail_004 -->
    </test> <!-- TC_SearchCustomerByEmail_004 -->
    <test name="TC_AddCustomerTest_003" duration-ms="68648" started-at="2020-05-12T00:30:26Z" finished-at="2020-05-12T00:31:35Z">
      <class name="com.nopcommerce.testCases.TC_AddCustomerTest_003">
        <test-method status="PASS" signature="setup(java.lang.String)[pri:0, instance:com.nopcommerce.testCases.TC_AddCustomerTest_003@68267da0]" name="setup" is-config="true" duration-ms="15015" started-at="2020-05-12T00:30:27Z" finished-at="2020-05-12T00:30:42Z">
          <params>
            <param index="0">
              <value>
                <![CDATA[chrome]]>
              </value>
            </param>
          </params>
          <reporter-output>
          </reporter-output>
        </test-method> <!-- setup -->
        <test-method status="PASS" signature="addNewCustomer()[pri:0, instance:com.nopcommerce.testCases.TC_AddCustomerTest_003@68267da0]" name="addNewCustomer" duration-ms="52215" started-at="2020-05-12T00:30:42Z" finished-at="2020-05-12T00:31:34Z">
          <reporter-output>
          </reporter-output>
        </test-method> <!-- addNewCustomer -->
        <test-method status="PASS" signature="tearDown()[pri:0, instance:com.nopcommerce.testCases.TC_AddCustomerTest_003@68267da0]" name="tearDown" is-config="true" duration-ms="1041" started-at="2020-05-12T00:31:34Z" finished-at="2020-05-12T00:31:35Z">
          <reporter-output>
          </reporter-output>
        </test-method> <!-- tearDown -->
      </class> <!-- com.nopcommerce.testCases.TC_AddCustomerTest_003 -->
    </test> <!-- TC_AddCustomerTest_003 -->
    <test name="TC_SearchCustomerByName_005" duration-ms="21525" started-at="2020-05-12T00:31:32Z" finished-at="2020-05-12T00:31:54Z">
      <class name="com.nopcommerce.testCases.TC_SearchCustomerByName_005">
        <test-method status="PASS" signature="setup(java.lang.String)[pri:0, instance:com.nopcommerce.testCases.TC_SearchCustomerByName_005@2118cddf]" name="setup" is-config="true" duration-ms="7768" started-at="2020-05-12T00:31:32Z" finished-at="2020-05-12T00:31:40Z">
          <params>
            <param index="0">
              <value>
                <![CDATA[chrome]]>
              </value>
            </param>
          </params>
          <reporter-output>
          </reporter-output>
        </test-method> <!-- setup -->
        <test-method status="PASS" signature="searchCustomerbyName()[pri:0, instance:com.nopcommerce.testCases.TC_SearchCustomerByName_005@2118cddf]" name="searchCustomerbyName" duration-ms="12730" started-at="2020-05-12T00:31:40Z" finished-at="2020-05-12T00:31:53Z">
          <reporter-output>
          </reporter-output>
        </test-method> <!-- searchCustomerbyName -->
        <test-method status="PASS" signature="tearDown()[pri:0, instance:com.nopcommerce.testCases.TC_SearchCustomerByName_005@2118cddf]" name="tearDown" is-config="true" duration-ms="1006" started-at="2020-05-12T00:31:53Z" finished-at="2020-05-12T00:31:54Z">
          <reporter-output>
          </reporter-output>
        </test-method> <!-- tearDown -->
      </class> <!-- com.nopcommerce.testCases.TC_SearchCustomerByName_005 -->
    </test> <!-- TC_SearchCustomerByName_005 -->
  </suite> <!-- nopCommerce -->
</testng-results>
